C:\USERS\CLZDL\DESKTOP\TIMER\DEBUG\TIMER.EXE
C:\USERS\CLZDL\DESKTOP\TIMER\DEBUG\TIMER.ILK
C:\USERS\CLZDL\DESKTOP\TIMER\DEBUG\TIMER.PDB
C:\Users\clzdl\Desktop\Timer\Timer\Debug\cl.command.1.tlog
C:\Users\clzdl\Desktop\Timer\Timer\Debug\CL.read.1.tlog
C:\Users\clzdl\Desktop\Timer\Timer\Debug\CL.write.1.tlog
C:\USERS\CLZDL\DESKTOP\TIMER\TIMER\DEBUG\CURVEFIT.OBJ
C:\USERS\CLZDL\DESKTOP\TIMER\TIMER\DEBUG\DIGISTRING.OBJ
C:\USERS\CLZDL\DESKTOP\TIMER\TIMER\DEBUG\DIGIUTIL.OBJ
C:\Users\clzdl\Desktop\Timer\Timer\Debug\link.3368.read.1.tlog
C:\Users\clzdl\Desktop\Timer\Timer\Debug\link.3368.write.1.tlog
C:\Users\clzdl\Desktop\Timer\Timer\Debug\link.3368-cvtres.read.1.tlog
C:\Users\clzdl\Desktop\Timer\Timer\Debug\link.3368-cvtres.write.1.tlog
C:\Users\clzdl\Desktop\Timer\Timer\Debug\link.4032.read.1.tlog
C:\Users\clzdl\Desktop\Timer\Timer\Debug\link.4032.write.1.tlog
C:\Users\clzdl\Desktop\Timer\Timer\Debug\link.4032-cvtres.read.1.tlog
C:\Users\clzdl\Desktop\Timer\Timer\Debug\link.4032-cvtres.write.1.tlog
C:\Users\clzdl\Desktop\Timer\Timer\Debug\link.command.1.tlog
C:\Users\clzdl\Desktop\Timer\Timer\Debug\link.read.1.tlog
C:\Users\clzdl\Desktop\Timer\Timer\Debug\link.write.1.tlog
C:\Users\clzdl\Desktop\Timer\Timer\Debug\link-cvtres.read.1.tlog
C:\Users\clzdl\Desktop\Timer\Timer\Debug\link-cvtres.write.1.tlog
C:\Users\clzdl\Desktop\Timer\Timer\Debug\mt.command.1.tlog
C:\Users\clzdl\Desktop\Timer\Timer\Debug\mt.read.1.tlog
C:\Users\clzdl\Desktop\Timer\Timer\Debug\mt.write.1.tlog
C:\Users\clzdl\Desktop\Timer\Timer\Debug\rc.command.1.tlog
C:\Users\clzdl\Desktop\Timer\Timer\Debug\rc.read.1.tlog
C:\Users\clzdl\Desktop\Timer\Timer\Debug\rc.write.1.tlog
C:\USERS\CLZDL\DESKTOP\TIMER\TIMER\DEBUG\SETTING.OBJ
C:\USERS\CLZDL\DESKTOP\TIMER\TIMER\DEBUG\STDAFX.OBJ
C:\USERS\CLZDL\DESKTOP\TIMER\TIMER\DEBUG\TIMER.EXE.EMBED.MANIFEST
C:\USERS\CLZDL\DESKTOP\TIMER\TIMER\DEBUG\TIMER.EXE.EMBED.MANIFEST.RES
C:\USERS\CLZDL\DESKTOP\TIMER\TIMER\DEBUG\TIMER.EXE.INTERMEDIATE.MANIFEST
C:\USERS\CLZDL\DESKTOP\TIMER\TIMER\DEBUG\TIMER.OBJ
C:\USERS\CLZDL\DESKTOP\TIMER\TIMER\DEBUG\TIMER.PCH
C:\USERS\CLZDL\DESKTOP\TIMER\TIMER\DEBUG\TIMER.RES
C:\Users\clzdl\Desktop\Timer\Timer\Debug\Timer_manifest.rc
C:\USERS\CLZDL\DESKTOP\TIMER\TIMER\DEBUG\TIMERDLG.OBJ
C:\Users\clzdl\Desktop\Timer\Timer\Debug\vc100.idb
C:\USERS\CLZDL\DESKTOP\TIMER\TIMER\DEBUG\VC100.PDB
